<?xml version="1.0" encoding="UTF-8"?>
<testng-results skipped="0" failed="0" ignored="0" total="1" passed="1">
  <reporter-output>
  </reporter-output>
  <suite name="Suite" duration-ms="13613" started-at="2017-04-21T02:32:58Z" finished-at="2017-04-21T02:33:12Z">
    <groups>
    </groups>
    <test name="Test" duration-ms="13613" started-at="2017-04-21T02:32:58Z" finished-at="2017-04-21T02:33:12Z">
      <class name="com.jabong.AllTests.LoginTest">
        <test-method status="PASS" signature="openBrowser()[pri:0, instance:com.jabong.AllTests.LoginTest@5e3a8624]" name="openBrowser" is-config="true" duration-ms="10815" started-at="2017-04-20T22:32:58Z" finished-at="2017-04-20T22:33:09Z">
          <reporter-output>
          </reporter-output>
        </test-method> <!-- openBrowser -->
        <test-method status="PASS" signature="login()[pri:0, instance:com.jabong.AllTests.LoginTest@5e3a8624]" name="login" duration-ms="2764" started-at="2017-04-20T22:33:09Z" finished-at="2017-04-20T22:33:12Z">
          <reporter-output>
          </reporter-output>
        </test-method> <!-- login -->
      </class> <!-- com.jabong.AllTests.LoginTest -->
    </test> <!-- Test -->
  </suite> <!-- Suite -->
</testng-results>
