<?xml version="1.0" encoding="UTF-8"?>
<testng-results skipped="0" failed="0" ignored="0" total="1" passed="1">
  <reporter-output>
  </reporter-output>
  <suite name="Default suite" duration-ms="14788" started-at="2017-04-14T23:10:09Z" finished-at="2017-04-14T23:10:24Z">
    <groups>
    </groups>
    <test name="Default test" duration-ms="14788" started-at="2017-04-14T23:10:09Z" finished-at="2017-04-14T23:10:24Z">
      <class name="com.Expedia.Pages.DatePicker">
        <test-method status="PASS" signature="openBrowser()[pri:0, instance:com.Expedia.Pages.DatePicker@28d25987]" name="openBrowser" is-config="true" duration-ms="13170" started-at="2017-04-14T19:10:09Z" finished-at="2017-04-14T19:10:22Z">
          <reporter-output>
          </reporter-output>
        </test-method> <!-- openBrowser -->
        <test-method status="PASS" signature="clickJuly()[pri:0, instance:com.Expedia.Pages.DatePicker@28d25987]" name="clickJuly" duration-ms="1590" started-at="2017-04-14T19:10:22Z" finished-at="2017-04-14T19:10:24Z">
          <reporter-output>
          </reporter-output>
        </test-method> <!-- clickJuly -->
      </class> <!-- com.Expedia.Pages.DatePicker -->
    </test> <!-- Default test -->
  </suite> <!-- Default suite -->
</testng-results>
